\BOOKMARK [1][-]{section.1}{Introduction}{}% 1
\BOOKMARK [1][-]{section.2}{Theory and Motivation}{}% 2
\BOOKMARK [2][-]{subsection.2.1}{The Standard Model and the Higgs boson}{section.2}% 3
\BOOKMARK [2][-]{subsection.2.2}{Beyond the Standard Model}{section.2}% 4
\BOOKMARK [1][-]{section.3}{The ATLAS experiment at the Large Hadron Collider}{}% 5
\BOOKMARK [2][-]{subsection.3.1}{The Large Hadron Collider}{section.3}% 6
\BOOKMARK [3][-]{subsubsection.3.1.1}{Design and performance}{subsection.3.1}% 7
\BOOKMARK [3][-]{subsubsection.3.1.2}{Runs and results}{subsection.3.1}% 8
\BOOKMARK [2][-]{subsection.3.2}{The ATLAS Detector}{section.3}% 9
\BOOKMARK [3][-]{subsubsection.3.2.1}{Coordinate system}{subsection.3.2}% 10
\BOOKMARK [3][-]{subsubsection.3.2.2}{Magnets}{subsection.3.2}% 11
\BOOKMARK [3][-]{subsubsection.3.2.3}{Inner detector}{subsection.3.2}% 12
\BOOKMARK [3][-]{subsubsection.3.2.4}{Calorimeter system}{subsection.3.2}% 13
\BOOKMARK [3][-]{subsubsection.3.2.5}{Muon Spectrometer}{subsection.3.2}% 14
\BOOKMARK [3][-]{subsubsection.3.2.6}{Trigger system}{subsection.3.2}% 15
\BOOKMARK [1][-]{section.4}{Data and Monte Carlo samples}{}% 16
\BOOKMARK [1][-]{section.5}{Physics Objects Reconstruction}{}% 17
\BOOKMARK [2][-]{subsection.5.1}{Track and vertex}{section.5}% 18
\BOOKMARK [2][-]{subsection.5.2}{Electron}{section.5}% 19
\BOOKMARK [2][-]{subsection.5.3}{Muon}{section.5}% 20
\BOOKMARK [2][-]{subsection.5.4}{Jet}{section.5}% 21
\BOOKMARK [2][-]{subsection.5.5}{b jets}{section.5}% 22
\BOOKMARK [3][-]{subsubsection.5.5.1}{Flavour tagging}{subsection.5.5}% 23
\BOOKMARK [2][-]{subsection.5.6}{Missing transverse energy}{section.5}% 24
\BOOKMARK [2][-]{subsection.5.7}{Hadronically decaying \040lepton}{section.5}% 25
\BOOKMARK [1][-]{section.6}{Charm jet mis-tagging calibration}{}% 26
\BOOKMARK [2][-]{subsection.6.1}{Calibration methods for b jet and light jet}{section.6}% 27
\BOOKMARK [2][-]{subsection.6.2}{Calibration method for charm jet}{section.6}% 28
\BOOKMARK [2][-]{subsection.6.3}{Data and Monte Carlo samples}{section.6}% 29
\BOOKMARK [2][-]{subsection.6.4}{Kinematic Likelihood Fitter}{section.6}% 30
\BOOKMARK [2][-]{subsection.6.5}{Maximising likelihood}{section.6}% 31
\BOOKMARK [2][-]{subsection.6.6}{Event selection}{section.6}% 32
\BOOKMARK [3][-]{subsubsection.6.6.1}{Standard selection}{subsection.6.6}% 33
\BOOKMARK [3][-]{subsubsection.6.6.2}{Low-pT selection}{subsection.6.6}% 34
\BOOKMARK [3][-]{subsubsection.6.6.3}{High-pT selection}{subsection.6.6}% 35
\BOOKMARK [3][-]{subsubsection.6.6.4}{Combined selection}{subsection.6.6}% 36
\BOOKMARK [2][-]{subsection.6.7}{Systematic uncertainties}{section.6}% 37
\BOOKMARK [3][-]{subsubsection.6.7.1}{Experimental uncertainties}{subsection.6.7}% 38
\BOOKMARK [3][-]{subsubsection.6.7.2}{Modelling uncertainties}{subsection.6.7}% 39
\BOOKMARK [2][-]{subsection.6.8}{Under-estimation of t + Heavy flavour background }{section.6}% 40
\BOOKMARK [2][-]{subsection.6.9}{Results}{section.6}% 41
\BOOKMARK [3][-]{subsubsection.6.9.1}{Overview}{subsection.6.9}% 42
\BOOKMARK [3][-]{subsubsection.6.9.2}{b-tagging algorithms output distribution}{subsection.6.9}% 43
\BOOKMARK [3][-]{subsubsection.6.9.3}{Efficiencies and Scale Factors}{subsection.6.9}% 44
\BOOKMARK [1][-]{section.7}{Search for Higgs boson pair production in the b channel}{}% 45
\BOOKMARK [2][-]{subsection.7.1}{Data and Monte Carlo samples}{section.7}% 46
\BOOKMARK [2][-]{subsection.7.2}{Trigger and event selection}{section.7}% 47
\BOOKMARK [2][-]{subsection.7.3}{Background estimation}{section.7}% 48
\BOOKMARK [2][-]{subsection.7.4}{Multivariate analysis}{section.7}% 49
\BOOKMARK [2][-]{subsection.7.5}{Systematic uncertainties}{section.7}% 50
\BOOKMARK [2][-]{subsection.7.6}{Results}{section.7}% 51
\BOOKMARK [1][-]{section.8}{Summary}{}% 52
\BOOKMARK [1][-]{appendix.A}{Supplementary material for c jet calibration}{}% 53
\BOOKMARK [2][-]{subsection.A.1}{Additional plots for kinematic variables}{appendix.A}% 54
\BOOKMARK [3][-]{subsubsection.A.1.1}{Standard selection}{subsection.A.1}% 55
\BOOKMARK [3][-]{subsubsection.A.1.2}{Low-pT selection}{subsection.A.1}% 56
\BOOKMARK [2][-]{subsection.A.2}{High-pT selection}{appendix.A}% 57
\BOOKMARK [2][-]{subsection.A.3}{Combined selection}{appendix.A}% 58
\BOOKMARK [2][-]{subsection.A.4}{Experimental uncertainties}{appendix.A}% 59
